[ib-service] Installing dependencies...
bun install v1.3.12 (700fc117)

Checked 92 installs across 93 packages (no changes) [26.00ms]
[ib-service] Running bun run dev...
$ bun --hot index.ts
╔════════════════════════════════════════════════════════════╗
║       🤖 IB SERVICE - SAFE TRADING EXECUTION              ║
╠════════════════════════════════════════════════════════════╣
║ 📝 Mode: Paper Trading                                   ║
║ 📡 Port: 3003                                               ║
║ 🔌 IB Port: 7497                                      ║
║ 🔒 Allow Fake Data: false                           ║
║ 📊 Spread check: ✅ (max 5%)                    ║
║ 💧 Liquidity check: ✅ (min 100 contracts)        ║
╚════════════════════════════════════════════════════════════╝
46 |     }
47 |   }
48 |   let er;
49 |   if (args.length > 0)
50 |     er = args[0];
51 |     throw er;
                 ^
error: Failed to start server. Is port 3003 in use?
      at emitError (node:events:5⚠️ [Paper Trading] لا توجد بيانات حقيقية من IB لـ spx
⚠️ [Paper Trading] لا توجد بيانات حقيقية من IB لـ spx
⚠️ [Paper Trading] لا توجد بيانات حقيقية من IB لـ spx
⚠️ [Paper Trading] لا توجد بيانات حقيقية من IB لـ spx
⚠️ [Paper Trading] لا توجد بيانات حقيقية من IB لـ spx
⚠️ [Paper Trading] لا توجد بيانات حقيقية من IB لـ spx
⚠️ [Paper Trading] لا توجد بيانات حقيقية من IB لـ spx
⚠️ [Paper Trading] لا توجد بيانات حقيقية من IB لـ spx
⚠️ [Paper Trading] لا توجد بيانات حقيقية من IB لـ spx
⚠️ [Paper Trading] لا توجد بيانات حقيقية من IB لـ spx
⚠️ [Paper Trading] لا توجد بيانات حقيقية من IB لـ spx
⚠️ [Paper Trading] لا توجد بيانات حقيقية من IB لـ spx
⚠️ [Paper Trading] لا توجد بيانات حقيقية من IB لـ spx
⚠️ [Paper Trading] لا توجد بيانات حقيقية من IB لـ spx
⚠️ [Paper Trading] لا توجد بيانات حقيقية من IB لـ spx
⚠️ [Paper Trading] لا توجد بيانات حقيقية من IB لـ spx
⚠️ [Paper Trading] لا توجد بيانات حقيقية من IB لـ spx
⚠️ [Paper Trading] لا توجد بيانات حقيقية من IB لـ spx
⚠️ [Paper Trading] لا توجد بيانات حقيقية من IB لـ spx
⚠️ [Paper Trading] لا توجد بيانات حقيقية من IB لـ spx
⚠️ [Paper Trading] لا توجد بيانات حقيقية من IB لـ spx
⚠️ [Paper Trading] لا توجد بيانات حقيقية من IB لـ spx
⚠️ [Paper Trading] لا توجد بيانات حقيقية من IB لـ spx
⚠️ [Paper Trading] لا توجد بيانات حقيقية من IB لـ spx
⚠️ [Paper Trading] لا توجد بيانات حقيقية من IB لـ spx
⚠️ [Paper Trading] لا توجد بيانات حقيقية من IB لـ spx
⚠️ [Paper Trading] لا توجد بيانات حقيقية من IB لـ spx
⚠️ [Paper Trading] لا توجد بيانات حقيقية من IB لـ spx
⚠️ [Paper Trading] لا توجد بيانات حقيقية من IB لـ spx
⚠️ [Paper Trading] لا توجد بيانات حقيقية من IB لـ spx
⚠️ [Paper Trading] لا توجد بيانات حقيقية من IB لـ spx
⚠️ [Paper Trading] لا توجد بيانات حقيقية من IB لـ spx
⚠️ [Paper Trading] لا توجد بيانات حقيقية من IB لـ spx
⚠️ [Paper Trading] لا توجد بيانات حقيقية من IB لـ spx
⚠️ [Paper Trading] لا توجد بيانات حقيقية من IB لـ spx
⚠️ [Paper Trading] لا توجد بيانات حقيقية من IB لـ spx
⚠️ [Paper Trading] لا توجد بيانات حقيقية من IB لـ spx
⚠️ [Paper Trading] لا توجد بيانات حقيقية من IB لـ spx
⚠️ [Paper Trading] لا توجد بيانات حقيقية من IB لـ spx
⚠️ [Paper Trading] لا توجد بيانات حقيقية من IB لـ spx
⚠️ [Paper Trading] لا توجد بيانات حقيقية من IB لـ spx
⚠️ [Paper Trading] لا توجد بيانات حقيقية من IB لـ spx
⚠️ [Paper Trading] لا توجد بيانات حقيقية من IB لـ spx
⚠️ [Paper Trading] لا توجد بيانات حقيقية من IB لـ spx
⚠️ [Paper Trading] لا توجد بيانات حقيقية من IB لـ spx
⚠️ [Paper Trading] لا توجد بيانات حقيقية من IB لـ spx
⚠️ [Paper Trading] لا توجد بيانات حقيقية من IB لـ spx
⚠️ [Paper Trading] لا توجد بيانات حقيقية من IB لـ spx
⚠️ [Paper Trading] لا توجد بيانات حقيقية من IB لـ spx
⚠️ [Paper Trading] لا توجد بيانات حقيقية من IB لـ spx
⚠️ [Paper Trading] لا توجد بيانات حقيقية من IB لـ spx
⚠️ [Paper Trading] لا توجد بيانات حقيقية من IB لـ spx
⚠️ [Paper Trading] لا توجد بيانات حقيقية من IB لـ spx
⚠️ [Paper Trading] لا توجد بيانات حقيقية من IB لـ spx
⚠️ [Paper Trading] لا توجد بيانات حقيقية من IB لـ spx
⚠️ [Paper Trading] لا توجد بيانات حقيقية من IB لـ spx
⚠️ [Paper Trading] لا توجد بيانات حقيقية من IB لـ spx
⚠️ [Paper Trading] لا توجد بيانات حقيقية من IB لـ spx
⚠️ [Paper Trading] لا توجد بيانات حقيقية من IB لـ spx
⚠️ [Paper Trading] لا توجد بيانات حقيقية من IB لـ spx
⚠️ [Paper Trading] لا توجد بيانات حقيقية من IB لـ spx
⚠️ [Paper Trading] لا توجد بيانات حقيقية من IB لـ spx
⚠️ [Paper Trading] لا توجد بيانات حقيقية من IB لـ spx
⚠️ [Paper Trading] لا توجد بيانات حقيقية من IB لـ spx
⚠️ [Paper Trading] لا توجد بيانات حقيقية من IB لـ spx
⚠️ [Paper Trading] لا توجد بيانات حقيقية من IB لـ spx
⚠️ [Paper Trading] لا توجد بيانات حقيقية من IB لـ spx
⚠️ [Paper Trading] لا توجد بيانات حقيقية من IB لـ spx
⚠️ [Paper Trading] لا توجد بيانات حقيقية من IB لـ spx
⚠️ [Paper Trading] لا توجد بيانات حقيقية من IB لـ spx
⚠️ [Paper Trading] لا توجد بيانات حقيقية من IB لـ spx
⚠️ [Paper Trading] لا توجد بيانات حقيقية من IB لـ spx
⚠️ [Paper Trading] لا توجد بيانات حقيقية من IB لـ spx
⚠️ [Paper Trading] لا توجد بيانات حقيقية من IB لـ spx
⚠️ [Paper Trading] لا توجد بيانات حقيقية من IB لـ spx
⚠️ [Paper Trading] لا توجد بيانات حقيقية من IB لـ spx
⚠️ [Paper Trading] لا توجد بيانات حقيقية من IB لـ spx
⚠️ [Paper Trading] لا توجد بيانات حقيقية من IB لـ spx
⚠️ [Paper Trading] لا توجد بيانات حقيقية من IB لـ spx
⚠️ [Paper Trading] لا توجد بيانات حقيقية من IB لـ spx
⚠️ [Paper Trading] لا توجد بيانات حقيقية من IB لـ spx
⚠️ [Paper Trading] لا توجد بيانات حقيقية من IB لـ spx
⚠️ [Paper Trading] لا توجد بيانات حقيقية من IB لـ spx
⚠️ [Paper Trading] لا توجد بيانات حقيقية من IB لـ spx
⚠️ [Paper Trading] لا توجد بيانات حقيقية من IB لـ spx
⚠️ [Paper Trading] لا توجد بيانات حقيقية من IB لـ spx
⚠️ [Paper Trading] لا توجد بيانات حقيقية من IB لـ spx
⚠️ [Paper Trading] لا توجد بيانات حقيقية من IB لـ spx
⚠️ [Paper Trading] لا توجد بيانات حقيقية من IB لـ spx
⚠️ [Paper Trading] لا توجد بيانات حقيقية من IB لـ spx
⚠️ [Paper Trading] لا توجد بيانات حقيقية من IB لـ spx
⚠️ [Paper Trading] لا توجد بيانات حقيقية من IB لـ spx
⚠️ [Paper Trading] لا توجد بيانات حقيقية من IB لـ spx
⚠️ [Paper Trading] لا توجد بيانات حقيقية من IB لـ spx
⚠️ [Paper Trading] لا توجد بيانات حقيقية من IB لـ spx
⚠️ [Paper Trading] لا توجد بيانات حقيقية من IB لـ spx
⚠️ [Paper Trading] لا توجد بيانات حقيقية من IB لـ spx
⚠️ [Paper Trading] لا توجد بيانات حقيقية من IB لـ spx
⚠️ [Paper Trading] لا توجد بيانات حقيقية من IB لـ spx
⚠️ [Paper Trading] لا توجد بيانات حقيقية من IB لـ spx
⚠️ [Paper Trading] لا توجد بيانات حقيقية من IB لـ spx
⚠️ [Paper Trading] لا توجد بيانات حقيقية من IB لـ spx
⚠️ [Paper Trading] لا توجد بيانات حقيقية من IB لـ spx
⚠️ [Paper Trading] لا توجد بيانات حقيقية من IB لـ spx
⚠️ [Paper Trading] لا توجد بيانات حقيقية من IB لـ spx
⚠️ [Paper Trading] لا توجد بيانات حقيقية من IB لـ spx
⚠️ [Paper Trading] لا توجد بيانات حقيقية من IB لـ spx
⚠️ [Paper Trading] لا توجد بيانات حقيقية من IB لـ spx
⚠️ [Paper Trading] لا توجد بيانات حقيقية من IB لـ spx
⚠️ [Paper Trading] لا توجد بيانات حقيقية من IB لـ spx
⚠️ [Paper Trading] لا توجد بيانات حقيقية من IB لـ spx
⚠️ [Paper Trading] لا توجد بيانات حقيقية من IB لـ spx
⚠️ [Paper Trading] لا توجد بيانات حقيقية من IB لـ spx
⚠️ [Paper Trading] لا توجد بيانات حقيقية من IB لـ spx
⚠️ [Paper Trading] لا توجد بيانات حقيقية من IB لـ spx
⚠️ [Paper Trading] لا توجد بيانات حقيقية من IB لـ spx
⚠️ [Paper Trading] لا توجد بيانات حقيقية من IB لـ spx
⚠️ [Paper Trading] لا توجد بيانات حقيقية من IB لـ spx
⚠️ [Paper Trading] لا توجد بيانات حقيقية من IB لـ spx
⚠️ [Paper Trading] لا توجد بيانات حقيقية من IB لـ spx
⚠️ [Paper Trading] لا توجد بيانات حقيقية من IB لـ spx
⚠️ [Paper Trading] لا توجد بيانات حقيقية من IB لـ spx
⚠️ [Paper Trading] لا توجد بيانات حقيقية من IB لـ spx
⚠️ [Paper Trading] لا توجد بيانات حقيقية من IB لـ spx
⚠️ [Paper Trading] لا توجد بيانات حقيقية من IB لـ spx
⚠️ [Paper Trading] لا توجد بيانات حقيقية من IB لـ spx
⚠️ [Paper Trading] لا توجد بيانات حقيقية من IB لـ spx
⚠️ [Paper Trading] لا توجد بيانات حقيقية من IB لـ spx
⚠️ [Paper Trading] لا توجد بيانات حقيقية من IB لـ spx
⚠️ [Paper Trading] لا توجد بيانات حقيقية من IB لـ spx
⚠️ [Paper Trading] لا توجد بيانات حقيقية من IB لـ spx
⚠️ [Paper Trading] لا توجد بيانات حقيقية من IB لـ spx
⚠️ [Paper Trading] لا توجد بيانات حقيقية من IB لـ spx
⚠️ [Paper Trading] لا توجد بيانات حقيقية من IB لـ spx
⚠️ [Paper Trading] لا توجد بيانات حقيقية من IB لـ spx
⚠️ [Paper Trading] لا توجد بيانات حقيقية من IB لـ spx
⚠️ [Paper Trading] لا توجد بيانات حقيقية من IB لـ spx
⚠️ [Paper Trading] لا توجد بيانات حقيقية من IB لـ spx
⚠️ [Paper Trading] لا توجد بيانات حقيقية من IB لـ spx
⚠️ [Paper Trading] لا توجد بيانات حقيقية من IB لـ spx
⚠️ [Paper Trading] لا توجد بيانات حقيقية من IB لـ spx
⚠️ [Paper Trading] لا توجد بيانات حقيقية من IB لـ spx
⚠️ [Paper Trading] لا توجد بيانات حقيقية من IB لـ spx
⚠️ [Paper Trading] لا توجد بيانات حقيقية من IB لـ spx
⚠️ [Paper Trading] لا توجد بيانات حقيقية من IB لـ spx
⚠️ [Paper Trading] لا توجد بيانات حقيقية من IB لـ spx
⚠️ [Paper Trading] لا توجد بيانات حقيقية من IB لـ spx
⚠️ [Paper Trading] لا توجد بيانات حقيقية من IB لـ spx
⚠️ [Paper Trading] لا توجد بيانات حقيقية من IB لـ spx
⚠️ [Paper Trading] لا توجد بيانات حقيقية من IB لـ spx
⚠️ [Paper Trading] لا توجد بيانات حقيقية من IB لـ spx
⚠️ [Paper Trading] لا توجد بيانات حقيقية من IB لـ spx
⚠️ [Paper Trading] لا توجد بيانات حقيقية من IB لـ spx
⚠️ [Paper Trading] لا توجد بيانات حقيقية من IB لـ spx
⚠️ [Paper Trading] لا توجد بيانات حقيقية من IB لـ spx
⚠️ [Paper Trading] لا توجد بيانات حقيقية من IB لـ spx
⚠️ [Paper Trading] لا توجد بيانات حقيقية من IB لـ spx
⚠️ [Paper Trading] لا توجد بيانات حقيقية من IB لـ spx
⚠️ [Paper Trading] لا توجد بيانات حقيقية من IB لـ spx
⚠️ [Paper Trading] لا توجد بيانات حقيقية من IB لـ spx
⚠️ [Paper Trading] لا توجد بيانات حقيقية من IB لـ spx
⚠️ [Paper Trading] لا توجد بيانات حقيقية من IB لـ spx
⚠️ [Paper Trading] لا توجد بيانات حقيقية من IB لـ spx
⚠️ [Paper Trading] لا توجد بيانات حقيقية من IB لـ spx
⚠️ [Paper Trading] لا توجد بيانات حقيقية من IB لـ spx
⚠️ [Paper Trading] لا توجد بيانات حقيقية من IB لـ spx
⚠️ [Paper Trading] لا توجد بيانات حقيقية من IB لـ spx
⚠️ [Paper Trading] لا توجد بيانات حقيقية من IB لـ spx
⚠️ [Paper Trading] لا توجد بيانات حقيقية من IB لـ spx
⚠️ [Paper Trading] لا توجد بيانات حقيقية من IB لـ spx
⚠️ [Paper Trading] لا توجد بيانات حقيقية من IB لـ spx
⚠️ [Paper Trading] لا توجد بيانات حقيقية من IB لـ spx
⚠️ [Paper Trading] لا توجد بيانات حقيقية من IB لـ spx
⚠️ [Paper Trading] لا توجد بيانات حقيقية من IB لـ spx
⚠️ [Paper Trading] لا توجد بيانات حقيقية من IB لـ spx
⚠️ [Paper Trading] لا توجد بيانات حقيقية من IB لـ spx
⚠️ [Paper Trading] لا توجد بيانات حقيقية من IB لـ spx
⚠️ [Paper Trading] لا توجد بيانات حقيقية من IB لـ spx
⚠️ [Paper Trading] لا توجد بيانات حقيقية من IB لـ spx
⚠️ [Paper Trading] لا توجد بيانات حقيقية من IB لـ spx
⚠️ [Paper Trading] لا توجد بيانات حقيقية من IB لـ spx
⚠️ [Paper Trading] لا توجد بيانات حقيقية من IB لـ spx
⚠️ [Paper Trading] لا توجد بيانات حقيقية من IB لـ spx
⚠️ [Paper Trading] لا توجد بيانات حقيقية من IB لـ spx
⚠️ [Paper Trading] لا توجد بيانات حقيقية من IB لـ spx
⚠️ [Paper Trading] لا توجد بيانات حقيقية من IB لـ spx
⚠️ [Paper Trading] لا توجد بيانات حقيقية من IB لـ spx
⚠️ [Paper Trading] لا توجد بيانات حقيقية من IB لـ spx
⚠️ [Paper Trading] لا توجد بيانات حقيقية من IB لـ spx
⚠️ [Paper Trading] لا توجد بيانات حقيقية من IB لـ spx
⚠️ [Paper Trading] لا توجد بيانات حقيقية من IB لـ spx
⚠️ [Paper Trading] لا توجد بيانات حقيقية من IB لـ spx
⚠️ [Paper Trading] لا توجد بيانات حقيقية من IB لـ spx
⚠️ [Paper Trading] لا توجد بيانات حقيقية من IB لـ spx
⚠️ [Paper Trading] لا توجد بيانات حقيقية من IB لـ spx
⚠️ [Paper Trading] لا توجد بيانات حقيقية من IB لـ spx
⚠️ [Paper Trading] لا توجد بيانات حقيقية من IB لـ spx
⚠️ [Paper Trading] لا توجد بيانات حقيقية من IB لـ spx
⚠️ [Paper Trading] لا توجد بيانات حقيقية من IB لـ spx
⚠️ [Paper Trading] لا توجد بيانات حقيقية من IB لـ spx
⚠️ [Paper Trading] لا توجد بيانات حقيقية من IB لـ spx
⚠️ [Paper Trading] لا توجد بيانات حقيقية من IB لـ spx
⚠️ [Paper Trading] لا توجد بيانات حقيقية من IB لـ spx
⚠️ [Paper Trading] لا توجد بيانات حقيقية من IB لـ spx
⚠️ [Paper Trading] لا توجد بيانات حقيقية من IB لـ spx
⚠️ [Paper Trading] لا توجد بيانات حقيقية من IB لـ spx
⚠️ [Paper Trading] لا توجد بيانات حقيقية من IB لـ spx
⚠️ [Paper Trading] لا توجد بيانات حقيقية من IB لـ spx
⚠️ [Paper Trading] لا توجد بيانات حقيقية من IB لـ spx
⚠️ [Paper Trading] لا توجد بيانات حقيقية من IB لـ spx
⚠️ [Paper Trading] لا توجد بيانات حقيقية من IB لـ spx
⚠️ [Paper Trading] لا توجد بيانات حقيقية من IB لـ spx
⚠️ [Paper Trading] لا توجد بيانات حقيقية من IB لـ spx
⚠️ [Paper Trading] لا توجد بيانات حقيقية من IB لـ spx
⚠️ [Paper Trading] لا توجد بيانات حقيقية من IB لـ spx
⚠️ [Paper Trading] لا توجد بيانات حقيقية من IB لـ spx
⚠️ [Paper Trading] لا توجد بيانات حقيقية من IB لـ spx
⚠️ [Paper Trading] لا توجد بيانات حقيقية من IB لـ spx
⚠️ [Paper Trading] لا توجد بيانات حقيقية من IB لـ spx
⚠️ [Paper Trading] لا توجد بيانات حقيقية من IB لـ spx
⚠️ [Paper Trading] لا توجد بيانات حقيقية من IB لـ spx
⚠️ [Paper Trading] لا توجد بيانات حقيقية من IB لـ spx
⚠️ [Paper Trading] لا توجد بيانات حقيقية من IB لـ spx
⚠️ [Paper Trading] لا توجد بيانات حقيقية من IB لـ spx
⚠️ [Paper Trading] لا توجد بيانات حقيقية من IB لـ spx
⚠️ [Paper Trading] لا توجد بيانات حقيقية من IB لـ spx
⚠️ [Paper Trading] لا توجد بيانات حقيقية من IB لـ spx
⚠️ [Paper Trading] لا توجد بيانات حقيقية من IB لـ spx
⚠️ [Paper Trading] لا توجد بيانات حقيقية من IB لـ spx
⚠️ [Paper Trading] لا توجد بيانات حقيقية من IB لـ spx
⚠️ [Paper Trading] لا توجد بيانات حقيقية من IB لـ spx
⚠️ [Paper Trading] لا توجد بيانات حقيقية من IB لـ spx
⚠️ [Paper Trading] لا توجد بيانات حقيقية من IB لـ spx
⚠️ [Paper Trading] لا توجد بيانات حقيقية من IB لـ spx
⚠️ [Paper Trading] لا توجد بيانات حقيقية من IB لـ spx
⚠️ [Paper Trading] لا توجد بيانات حقيقية من IB لـ spx
⚠️ [Paper Trading] لا توجد بيانات حقيقية من IB لـ spx
⚠️ [Paper Trading] لا توجد بيانات حقيقية من IB لـ spx
⚠️ [Paper Trading] لا توجد بيانات حقيقية من IB لـ spx
⚠️ [Paper Trading] لا توجد بيانات حقيقية من IB لـ spx
⚠️ [Paper Trading] لا توجد بيانات حقيقية من IB لـ spx
⚠️ [Paper Trading] لا توجد بيانات حقيقية من IB لـ spx
⚠️ [Paper Trading] لا توجد بيانات حقيقية من IB لـ spx
⚠️ [Paper Trading] لا توجد بيانات حقيقية من IB لـ spx
⚠️ [Paper Trading] لا توجد بيانات حقيقية من IB لـ spx
⚠️ [Paper Trading] لا توجد بيانات حقيقية من IB لـ spx
⚠️ [Paper Trading] لا توجد بيانات حقيقية من IB لـ spx
⚠️ [Paper Trading] لا توجد بيانات حقيقية من IB لـ spx
⚠️ [Paper Trading] لا توجد بيانات حقيقية من IB لـ spx
⚠️ [Paper Trading] لا توجد بيانات حقيقية من IB لـ spx
⚠️ [Paper Trading] لا توجد بيانات حقيقية من IB لـ spx
⚠️ [Paper Trading] لا توجد بيانات حقيقية من IB لـ spx
⚠️ [Paper Trading] لا توجد بيانات حقيقية من IB لـ spx
⚠️ [Paper Trading] لا توجد بيانات حقيقية من IB لـ spx
⚠️ [Paper Trading] لا توجد بيانات حقيقية من IB لـ spx
⚠️ [Paper Trading] لا توجد بيانات حقيقية من IB لـ spx
⚠️ [Paper Trading] لا توجد بيانات حقيقية من IB لـ spx
⚠️ [Paper Trading] لا توجد بيانات حقيقية من IB لـ spx
⚠️ [Paper Trading] لا توجد بيانات حقيقية من IB لـ spx
⚠️ [Paper Trading] لا توجد بيانات حقيقية من IB لـ spx
⚠️ [Paper Trading] لا توجد بيانات حقيقية من IB لـ spx
⚠️ [Paper Trading] لا توجد بيانات حقيقية من IB لـ spx
⚠️ [Paper Trading] لا توجد بيانات حقيقية من IB لـ spx
⚠️ [Paper Trading] لا توجد بيانات حقيقية من IB لـ spx
⚠️ [Paper Trading] لا توجد بيانات حقيقية من IB لـ spx
⚠️ [Paper Trading] لا توجد بيانات حقيقية من IB لـ spx
⚠️ [Paper Trading] لا توجد بيانات حقيقية من IB لـ spx
⚠️ [Paper Trading] لا توجد بيانات حقيقية من IB لـ spx
⚠️ [Paper Trading] لا توجد بيانات حقيقية من IB لـ spx
⚠️ [Paper Trading] لا توجد بيانات حقيقية من IB لـ spx
⚠️ [Paper Trading] لا توجد بيانات حقيقية من IB لـ spx
⚠️ [Paper Trading] لا توجد بيانات حقيقية من IB لـ spx
⚠️ [Paper Trading] لا توجد بيانات حقيقية من IB لـ spx
⚠️ [Paper Trading] لا توجد بيانات حقيقية من IB لـ spx
⚠️ [Paper Trading] لا توجد بيانات حقيقية من IB لـ spx
⚠️ [Paper Trading] لا توجد بيانات حقيقية من IB لـ spx
⚠️ [Paper Trading] لا توجد بيانات حقيقية من IB لـ spx
⚠️ [Paper Trading] لا توجد بيانات حقيقية من IB لـ spx
⚠️ [Paper Trading] لا توجد بيانات حقيقية من IB لـ spx
⚠️ [Paper Trading] لا توجد بيانات حقيقية من IB لـ spx
⚠️ [Paper Trading] لا توجد بيانات حقيقية من IB لـ spx
⚠️ [Paper Trading] لا توجد بيانات حقيقية من IB لـ spx
⚠️ [Paper Trading] لا توجد بيانات حقيقية من IB لـ spx
⚠️ [Paper Trading] لا توجد بيانات حقيقية من IB لـ spx
⚠️ [Paper Trading] لا توجد بيانات حقيقية من IB لـ spx
⚠️ [Paper Trading] لا توجد بيانات حقيقية من IB لـ spx
⚠️ [Paper Trading] لا توجد بيانات حقيقية من IB لـ spx
⚠️ [Paper Trading] لا توجد بيانات حقيقية من IB لـ spx
⚠️ [Paper Trading] لا توجد بيانات حقيقية من IB لـ spx
⚠️ [Paper Trading] لا توجد بيانات حقيقية من IB لـ spx
⚠️ [Paper Trading] لا توجد بيانات حقيقية من IB لـ spx
⚠️ [Paper Trading] لا توجد بيانات حقيقية من IB لـ spx
⚠️ [Paper Trading] لا توجد بيانات حقيقية من IB لـ spx
⚠️ [Paper Trading] لا توجد بيانات حقيقية من IB لـ spx
⚠️ [Paper Trading] لا توجد بيانات حقيقية من IB لـ spx
⚠️ [Paper Trading] لا توجد بيانات حقيقية من IB لـ spx
⚠️ [Paper Trading] لا توجد بيانات حقيقية من IB لـ spx
⚠️ [Paper Trading] لا توجد بيانات حقيقية من IB لـ spx
⚠️ [Paper Trading] لا توجد بيانات حقيقية من IB لـ spx
⚠️ [Paper Trading] لا توجد بيانات حقيقية من IB لـ spx
⚠️ [Paper Trading] لا توجد بيانات حقيقية من IB لـ spx
⚠️ [Paper Trading] لا توجد بيانات حقيقية من IB لـ spx
⚠️ [Paper Trading] لا توجد بيانات حقيقية من IB لـ spx
⚠️ [Paper Trading] لا توجد بيانات حقيقية من IB لـ spx
⚠️ [Paper Trading] لا توجد بيانات حقيقية من IB لـ spx
⚠️ [Paper Trading] لا توجد بيانات حقيقية من IB لـ spx
⚠️ [Paper Trading] لا توجد بيانات حقيقية من IB لـ spx
⚠️ [Paper Trading] لا توجد بيانات حقيقية من IB لـ spx
⚠️ [Paper Trading] لا توجد بيانات حقيقية من IB لـ spx
⚠️ [Paper Trading] لا توجد بيانات حقيقية من IB لـ spx
⚠️ [Paper Trading] لا توجد بيانات حقيقية من IB لـ spx
⚠️ [Paper Trading] لا توجد بيانات حقيقية من IB لـ spx
⚠️ [Paper Trading] لا توجد بيانات حقيقية من IB لـ spx
⚠️ [Paper Trading] لا توجد بيانات حقيقية من IB لـ spx
⚠️ [Paper Trading] لا توجد بيانات حقيقية من IB لـ spx
⚠️ [Paper Trading] لا توجد بيانات حقيقية من IB لـ spx
⚠️ [Paper Trading] لا توجد بيانات حقيقية من IB لـ spx
⚠️ [Paper Trading] لا توجد بيانات حقيقية من IB لـ spx
⚠️ [Paper Trading] لا توجد بيانات حقيقية من IB لـ spx
⚠️ [Paper Trading] لا توجد بيانات حقيقية من IB لـ spx
⚠️ [Paper Trading] لا توجد بيانات حقيقية من IB لـ spx
⚠️ [Paper Trading] لا توجد بيانات حقيقية من IB لـ spx
⚠️ [Paper Trading] لا توجد بيانات حقيقية من IB لـ spx
⚠️ [Paper Trading] لا توجد بيانات حقيقية من IB لـ spx
⚠️ [Paper Trading] لا توجد بيانات حقيقية من IB لـ spx
⚠️ [Paper Trading] لا توجد بيانات حقيقية من IB لـ spx
⚠️ [Paper Trading] لا توجد بيانات حقيقية من IB لـ spx
⚠️ [Paper Trading] لا توجد بيانات حقيقية من IB لـ spx
⚠️ [Paper Trading] لا توجد بيانات حقيقية من IB لـ spx
⚠️ [Paper Trading] لا توجد بيانات حقيقية من IB لـ spx
⚠️ [Paper Trading] لا توجد بيانات حقيقية من IB لـ spx
⚠️ [Paper Trading] لا توجد بيانات حقيقية من IB لـ spx
⚠️ [Paper Trading] لا توجد بيانات حقيقية من IB لـ spx
⚠️ [Paper Trading] لا توجد بيانات حقيقية من IB لـ spx
⚠️ [Paper Trading] لا توجد بيانات حقيقية من IB لـ spx
⚠️ [Paper Trading] لا توجد بيانات حقيقية من IB لـ spx
⚠️ [Paper Trading] لا توجد بيانات حقيقية من IB لـ spx
⚠️ [Paper Trading] لا توجد بيانات حقيقية من IB لـ spx
⚠️ [Paper Trading] لا توجد بيانات حقيقية من IB لـ spx
⚠️ [Paper Trading] لا توجد بيانات حقيقية من IB لـ spx
⚠️ [Paper Trading] لا توجد بيانات حقيقية من IB لـ spx
⚠️ [Paper Trading] لا توجد بيانات حقيقية من IB لـ spx
⚠️ [Paper Trading] لا توجد بيانات حقيقية من IB لـ spx
⚠️ [Paper Trading] لا توجد بيانات حقيقية من IB لـ spx
⚠️ [Paper Trading] لا توجد بيانات حقيقية من IB لـ spx
⚠️ [Paper Trading] لا توجد بيانات حقيقية من IB لـ spx
⚠️ [Paper Trading] لا توجد بيانات حقيقية من IB لـ spx
⚠️ [Paper Trading] لا توجد بيانات حقيقية من IB لـ spx
⚠️ [Paper Trading] لا توجد بيانات حقيقية من IB لـ spx
⚠️ [Paper Trading] لا توجد بيانات حقيقية من IB لـ spx
⚠️ [Paper Trading] لا توجد بيانات حقيقية من IB لـ spx
⚠️ [Paper Trading] لا توجد بيانات حقيقية من IB لـ spx
⚠️ [Paper Trading] لا توجد بيانات حقيقية من IB لـ spx
⚠️ [Paper Trading] لا توجد بيانات حقيقية من IB لـ spx
⚠️ [Paper Trading] لا توجد بيانات حقيقية من IB لـ spx
⚠️ [Paper Trading] لا توجد بيانات حقيقية من IB لـ spx
⚠️ [Paper Trading] لا توجد بيانات حقيقية من IB لـ spx
⚠️ [Paper Trading] لا توجد بيانات حقيقية من IB لـ spx
⚠️ [Paper Trading] لا توجد بيانات حقيقية من IB لـ spx
⚠️ [Paper Trading] لا توجد بيانات حقيقية من IB لـ spx
⚠️ [Paper Trading] لا توجد بيانات حقيقية من IB لـ spx
⚠️ [Paper Trading] لا توجد بيانات حقيقية من IB لـ spx
⚠️ [Paper Trading] لا توجد بيانات حقيقية من IB لـ spx
⚠️ [Paper Trading] لا توجد بيانات حقيقية من IB لـ spx
⚠️ [Paper Trading] لا توجد بيانات حقيقية من IB لـ spx
⚠️ [Paper Trading] لا توجد بيانات حقيقية من IB لـ spx
⚠️ [Paper Trading] لا توجد بيانات حقيقية من IB لـ spx
⚠️ [Paper Trading] لا توجد بيانات حقيقية من IB لـ spx
⚠️ [Paper Trading] لا توجد بيانات حقيقية من IB لـ spx
⚠️ [Paper Trading] لا توجد بيانات حقيقية من IB لـ spx
⚠️ [Paper Trading] لا توجد بيانات حقيقية من IB لـ spx
⚠️ [Paper Trading] لا توجد بيانات حقيقية من IB لـ spx
⚠️ [Paper Trading] لا توجد بيانات حقيقية من IB لـ spx
⚠️ [Paper Trading] لا توجد بيانات حقيقية من IB لـ spx
⚠️ [Paper Trading] لا توجد بيانات حقيقية من IB لـ spx
⚠️ [Paper Trading] لا توجد بيانات حقيقية من IB لـ spx
⚠️ [Paper Trading] لا توجد بيانات حقيقية من IB لـ spx
⚠️ [Paper Trading] لا توجد بيانات حقيقية من IB لـ spx
⚠️ [Paper Trading] لا توجد بيانات حقيقية من IB لـ spx
⚠️ [Paper Trading] لا توجد بيانات حقيقية من IB لـ spx
⚠️ [Paper Trading] لا توجد بيانات حقيقية من IB لـ spx
⚠️ [Paper Trading] لا توجد بيانات حقيقية من IB لـ spx
⚠️ [Paper Trading] لا توجد بيانات حقيقية من IB لـ spx
⚠️ [Paper Trading] لا توجد بيانات حقيقية من IB لـ spx
⚠️ [Paper Trading] لا توجد بيانات حقيقية من IB لـ spx
⚠️ [Paper Trading] لا توجد بيانات حقيقية من IB لـ spx
⚠️ [Paper Trading] لا توجد بيانات حقيقية من IB لـ spx
⚠️ [Paper Trading] لا توجد بيانات حقيقية من IB لـ spx
⚠️ [Paper Trading] لا توجد بيانات حقيقية من IB لـ spx
⚠️ [Paper Trading] لا توجد بيانات حقيقية من IB لـ spx
⚠️ [Paper Trading] لا توجد بيانات حقيقية من IB لـ spx
⚠️ [Paper Trading] لا توجد بيانات حقيقية من IB لـ spx
⚠️ [Paper Trading] لا توجد بيانات حقيقية من IB لـ spx
⚠️ [Paper Trading] لا توجد بيانات حقيقية من IB لـ spx
⚠️ [Paper Trading] لا توجد بيانات حقيقية من IB لـ spx
⚠️ [Paper Trading] لا توجد بيانات حقيقية من IB لـ spx
⚠️ [Paper Trading] لا توجد بيانات حقيقية من IB لـ spx
⚠️ [Paper Trading] لا توجد بيانات حقيقية من IB لـ spx
⚠️ [Paper Trading] لا توجد بيانات حقيقية من IB لـ spx
⚠️ [Paper Trading] لا توجد بيانات حقيقية من IB لـ spx
⚠️ [Paper Trading] لا توجد بيانات حقيقية من IB لـ spx
⚠️ [Paper Trading] لا توجد بيانات حقيقية من IB لـ spx
⚠️ [Paper Trading] لا توجد بيانات حقيقية من IB لـ spx
⚠️ [Paper Trading] لا توجد بيانات حقيقية من IB لـ spx
⚠️ [Paper Trading] لا توجد بيانات حقيقية من IB لـ spx
⚠️ [Paper Trading] لا توجد بيانات حقيقية من IB لـ spx
⚠️ [Paper Trading] لا توجد بيانات حقيقية من IB لـ spx
⚠️ [Paper Trading] لا توجد بيانات حقيقية من IB لـ spx
⚠️ [Paper Trading] لا توجد بيانات حقيقية من IB لـ spx
⚠️ [Paper Trading] لا توجد بيانات حقيقية من IB لـ spx
⚠️ [Paper Trading] لا توجد بيانات حقيقية من IB لـ spx
⚠️ [Paper Trading] لا توجد بيانات حقيقية من IB لـ spx
⚠️ [Paper Trading] لا توجد بيانات حقيقية من IB لـ spx
⚠️ [Paper Trading] لا توجد بيانات حقيقية من IB لـ spx
⚠️ [Paper Trading] لا توجد بيانات حقيقية من IB لـ spx
⚠️ [Paper Trading] لا توجد بيانات حقيقية من IB لـ spx
⚠️ [Paper Trading] لا توجد بيانات حقيقية من IB لـ spx
⚠️ [Paper Trading] لا توجد بيانات حقيقية من IB لـ spx
⚠️ [Paper Trading] لا توجد بيانات حقيقية من IB لـ spx
⚠️ [Paper Trading] لا توجد بيانات حقيقية من IB لـ spx
⚠️ [Paper Trading] لا توجد بيانات حقيقية من IB لـ spx
⚠️ [Paper Trading] لا توجد بيانات حقيقية من IB لـ spx
⚠️ [Paper Trading] لا توجد بيانات حقيقية من IB لـ spx
⚠️ [Paper Trading] لا توجد بيانات حقيقية من IB لـ spx
⚠️ [Paper Trading] لا توجد بيانات حقيقية من IB لـ spx
⚠️ [Paper Trading] لا توجد بيانات حقيقية من IB لـ spx
⚠️ [Paper Trading] لا توجد بيانات حقيقية من IB لـ spx
⚠️ [Paper Trading] لا توجد بيانات حقيقية من IB لـ spx
⚠️ [Paper Trading] لا توجد بيانات حقيقية من IB لـ spx
⚠️ [Paper Trading] لا توجد بيانات حقيقية من IB لـ spx
⚠️ [Paper Trading] لا توجد بيانات حقيقية من IB لـ spx
⚠️ [Paper Trading] لا توجد بيانات حقيقية من IB لـ spx
⚠️ [Paper Trading] لا توجد بيانات حقيقية من IB لـ spx
⚠️ [Paper Trading] لا توجد بيانات حقيقية من IB لـ spx
⚠️ [Paper Trading] لا توجد بيانات حقيقية من IB لـ spx
⚠️ [Paper Trading] لا توجد بيانات حقيقية من IB لـ spx
⚠️ [Paper Trading] لا توجد بيانات حقيقية من IB لـ spx
⚠️ [Paper Trading] لا توجد بيانات حقيقية من IB لـ spx
⚠️ [Paper Trading] لا توجد بيانات حقيقية من IB لـ spx
⚠️ [Paper Trading] لا توجد بيانات حقيقية من IB لـ spx
⚠️ [Paper Trading] لا توجد بيانات حقيقية من IB لـ spx
⚠️ [Paper Trading] لا توجد بيانات حقيقية من IB لـ spx
⚠️ [Paper Trading] لا توجد بيانات حقيقية من IB لـ spx
⚠️ [Paper Trading] لا توجد بيانات حقيقية من IB لـ spx
⚠️ [Paper Trading] لا توجد بيانات حقيقية من IB لـ spx
⚠️ [Paper Trading] لا توجد بيانات حقيقية من IB لـ spx
⚠️ [Paper Trading] لا توجد بيانات حقيقية من IB لـ spx
⚠️ [Paper Trading] لا توجد بيانات حقيقية من IB لـ spx
⚠️ [Paper Trading] لا توجد بيانات حقيقية من IB لـ spx
⚠️ [Paper Trading] لا توجد بيانات حقيقية من IB لـ spx
⚠️ [Paper Trading] لا توجد بيانات حقيقية من IB لـ spx
⚠️ [Paper Trading] لا توجد بيانات حقيقية من IB لـ spx
⚠️ [Paper Trading] لا توجد بيانات حقيقية من IB لـ spx
⚠️ [Paper Trading] لا توجد بيانات حقيقية من IB لـ spx
⚠️ [Paper Trading] لا توجد بيانات حقيقية من IB لـ spx
⚠️ [Paper Trading] لا توجد بيانات حقيقية من IB لـ spx
⚠️ [Paper Trading] لا توجد بيانات حقيقية من IB لـ spx
⚠️ [Paper Trading] لا توجد بيانات حقيقية من IB لـ spx
⚠️ [Paper Trading] لا توجد بيانات حقيقية من IB لـ spx
⚠️ [Paper Trading] لا توجد بيانات حقيقية من IB لـ spx
⚠️ [Paper Trading] لا توجد بيانات حقيقية من IB لـ spx
⚠️ [Paper Trading] لا توجد بيانات حقيقية من IB لـ spx
⚠️ [Paper Trading] لا توجد بيانات حقيقية من IB لـ spx
⚠️ [Paper Trading] لا توجد بيانات حقيقية من IB لـ spx
⚠️ [Paper Trading] لا توجد بيانات حقيقية من IB لـ spx
⚠️ [Paper Trading] لا توجد بيانات حقيقية من IB لـ spx
⚠️ [Paper Trading] لا توجد بيانات حقيقية من IB لـ spx
⚠️ [Paper Trading] لا توجد بيانات حقيقية من IB لـ spx
⚠️ [Paper Trading] لا توجد بيانات حقيقية من IB لـ spx
⚠️ [Paper Trading] لا توجد بيانات حقيقية من IB لـ spx
⚠️ [Paper Trading] لا توجد بيانات حقيقية من IB لـ spx
⚠️ [Paper Trading] لا توجد بيانات حقيقية من IB لـ spx
⚠️ [Paper Trading] لا توجد بيانات حقيقية من IB لـ spx
⚠️ [Paper Trading] لا توجد بيانات حقيقية من IB لـ spx
⚠️ [Paper Trading] لا توجد بيانات حقيقية من IB لـ spx
⚠️ [Paper Trading] لا توجد بيانات حقيقية من IB لـ spx
⚠️ [Paper Trading] لا توجد بيانات حقيقية من IB لـ spx
⚠️ [Paper Trading] لا توجد بيانات حقيقية من IB لـ spx
⚠️ [Paper Trading] لا توجد بيانات حقيقية من IB لـ spx
⚠️ [Paper Trading] لا توجد بيانات حقيقية من IB لـ spx
⚠️ [Paper Trading] لا توجد بيانات حقيقية من IB لـ spx
⚠️ [Paper Trading] لا توجد بيانات حقيقية من IB لـ spx
⚠️ [Paper Trading] لا توجد بيانات حقيقية من IB لـ spx
⚠️ [Paper Trading] لا توجد بيانات حقيقية من IB لـ spx
⚠️ [Paper Trading] لا توجد بيانات حقيقية من IB لـ spx
⚠️ [Paper Trading] لا توجد بيانات حقيقية من IB لـ spx
⚠️ [Paper Trading] لا توجد بيانات حقيقية من IB لـ spx
⚠️ [Paper Trading] لا توجد بيانات حقيقية من IB لـ spx
⚠️ [Paper Trading] لا توجد بيانات حقيقية من IB لـ spx
