[daily-report] Installing dependencies...
bun install v1.3.12 (700fc117)

+ z-ai-web-dev-sdk@0.0.17

1 package installed [3.00ms]
[daily-report] Running bun run dev...
$ bun --hot index.ts
📊 Daily Report Service Started
⏰ Report will be sent at 23:00 (Asia/Riyadh)
380 |     await sendDailyReport();
381 |   }
382 | }, CHECK_INTERVAL);
383 | 
384 | // HTTP Server
385 | serve({
      ^
error: Failed to start server. Is port 3005 in use?
 syscall: "listen",
   errno: 0,
    code: "EADDRINUSE"

      at /home/z/my-project/mini-services/daily-report/index.ts:385:1
      at loadAndEvaluateModule (2:1)
